#
# There is insufficient memory for the Java Runtime Environment to continue.
# Native memory allocation (malloc) failed to allocate 32744 bytes. Error detail: Chunk::new
# Possible reasons:
#   The system is out of physical RAM or swap space
#   This process is running with CompressedOops enabled, and the Java Heap may be blocking the growth of the native heap
# Possible solutions:
#   Reduce memory load on the system
#   Increase physical memory or swap space
#   Check if swap backing store is full
#   Decrease Java heap size (-Xmx/-Xms)
#   Decrease number of Java threads
#   Decrease Java thread stack sizes (-Xss)
#   Set larger code cache with -XX:ReservedCodeCacheSize=
#   JVM is running with Unscaled Compressed Oops mode in which the Java heap is
#     placed in the first 4GB address space. The Java Heap base address is the
#     maximum limit for the native heap growth. Please use -XX:HeapBaseMinAddress
#     to set the Java Heap base and to place the Java Heap above 4GB virtual address.
# This output file may be truncated or incomplete.
#
#  Out of Memory Error (arena.cpp:150), pid=13536, tid=17692
#
# JRE version: OpenJDK Runtime Environment Corretto-22.0.2.9.1 (22.0.2+9) (build 22.0.2+9-FR)
# Java VM: OpenJDK 64-Bit Server VM Corretto-22.0.2.9.1 (22.0.2+9-FR, mixed mode, sharing, tiered, compressed oops, compressed class ptrs, g1 gc, windows-amd64)
# No core dump will be written. Minidumps are not enabled by default on client versions of Windows
#

---------------  S U M M A R Y ------------

Command Line: -javaagent:C:\Program Files\JetBrains\IntelliJ IDEA Community Edition 2024.1.2\lib\idea_rt.jar=50177:C:\Program Files\JetBrains\IntelliJ IDEA Community Edition 2024.1.2\bin -Dfile.encoding=UTF-8 -Dsun.stdout.encoding=UTF-8 -Dsun.stderr.encoding=UTF-8 Pages.ChamadaDePaginas

Host: Intel(R) Core(TM) i3-6006U CPU @ 2.00GHz, 4 cores, 7G,  Windows 10 , 64 bit Build 19041 (10.0.19041.3636)
Time: Fri Mar  7 23:37:19 2025 Hora oficial do Brasil elapsed time: 49.101908 seconds (0d 0h 0m 49s)

---------------  T H R E A D  ---------------

Current thread (0x000001f32db20310):  JavaThread "C2 CompilerThread0" daemon [_thread_in_native, id=17692, stack(0x000000e25ee00000,0x000000e25ef00000) (1024K)]


Current CompileTask:
C2:49102 4761   !   4       org.openqa.selenium.json.JsonOutput::getMethod (69 bytes)

Stack: [0x000000e25ee00000,0x000000e25ef00000]
Native frames: (J=compiled Java code, j=interpreted, Vv=VM code, C=native code)
V  [jvm.dll+0x6f7bb9]  (no source info available)
V  [jvm.dll+0x8dc245]  (no source info available)
V  [jvm.dll+0x8de4ae]  (no source info available)
V  [jvm.dll+0x8deb93]  (no source info available)
V  [jvm.dll+0x28d336]  (no source info available)
V  [jvm.dll+0xc500f]  (no source info available)
V  [jvm.dll+0xc526b]  (no source info available)
V  [jvm.dll+0x3d1e9c]  (no source info available)
V  [jvm.dll+0x3d1471]  (no source info available)
V  [jvm.dll+0x3d14b4]  (no source info available)
V  [jvm.dll+0x5fece6]  (no source info available)
V  [jvm.dll+0x5ff492]  (no source info available)
V  [jvm.dll+0x39816c]  (no source info available)
V  [jvm.dll+0x3975aa]  (no source info available)
V  [jvm.dll+0x253fe0]  (no source info available)
V  [jvm.dll+0x2537f1]  (no source info available)
V  [jvm.dll+0x1cef4a]  (no source info available)
V  [jvm.dll+0x263335]  (no source info available)
V  [jvm.dll+0x2615fb]  (no source info available)
V  [jvm.dll+0x407456]  (no source info available)
V  [jvm.dll+0x883778]  (no source info available)
V  [jvm.dll+0x6f63c5]  (no source info available)
C  [ucrtbase.dll+0x21bb2]  (no source info available)
C  [KERNEL32.DLL+0x17344]  (no source info available)
C  [ntdll.dll+0x526b1]  (no source info available)


---------------  P R O C E S S  ---------------

Threads class SMR info:
_java_thread_list=0x000001f37427a340, length=26, elements={
0x000001f32db03070, 0x000001f32db05150, 0x000001f32db0cc50, 0x000001f32db0fa20,
0x000001f32db10f80, 0x000001f32db12ec0, 0x000001f32db20310, 0x000001f32db23b90,
0x000001f3730a4da0, 0x000001f3730a5430, 0x000001f3730a7500, 0x000001f3730a6e70,
0x000001f3730a7b90, 0x000001f3730a8220, 0x000001f3730a5ac0, 0x000001f3730a67e0,
0x000001f374445720, 0x000001f374444a00, 0x000001f3744477f0, 0x000001f374445090,
0x000001f374447e80, 0x000001f37444c020, 0x000001f374448510, 0x000001f374446440,
0x000001f374446ad0, 0x000001f37444b300
}

Java Threads: ( => current thread )
  0x000001f32db03070 JavaThread "Reference Handler"          daemon [_thread_blocked, id=14900, stack(0x000000e25e800000,0x000000e25e900000) (1024K)]
  0x000001f32db05150 JavaThread "Finalizer"                  daemon [_thread_blocked, id=6204, stack(0x000000e25e900000,0x000000e25ea00000) (1024K)]
  0x000001f32db0cc50 JavaThread "Signal Dispatcher"          daemon [_thread_blocked, id=3496, stack(0x000000e25ea00000,0x000000e25eb00000) (1024K)]
  0x000001f32db0fa20 JavaThread "Attach Listener"            daemon [_thread_blocked, id=10116, stack(0x000000e25eb00000,0x000000e25ec00000) (1024K)]
  0x000001f32db10f80 JavaThread "Service Thread"             daemon [_thread_blocked, id=12376, stack(0x000000e25ec00000,0x000000e25ed00000) (1024K)]
  0x000001f32db12ec0 JavaThread "Monitor Deflation Thread"   daemon [_thread_blocked, id=19680, stack(0x000000e25ed00000,0x000000e25ee00000) (1024K)]
=>0x000001f32db20310 JavaThread "C2 CompilerThread0"         daemon [_thread_in_native, id=17692, stack(0x000000e25ee00000,0x000000e25ef00000) (1024K)]
  0x000001f32db23b90 JavaThread "C1 CompilerThread0"         daemon [_thread_blocked, id=12048, stack(0x000000e25ef00000,0x000000e25f000000) (1024K)]
  0x000001f3730a4da0 JavaThread "Common-Cleaner"             daemon [_thread_blocked, id=18216, stack(0x000000e25f000000,0x000000e25f100000) (1024K)]
  0x000001f3730a5430 JavaThread "Monitor Ctrl-Break"         daemon [_thread_in_native, id=17172, stack(0x000000e25f200000,0x000000e25f300000) (1024K)]
  0x000001f3730a7500 JavaThread "Notification Thread"        daemon [_thread_blocked, id=19796, stack(0x000000e25f300000,0x000000e25f400000) (1024K)]
  0x000001f3730a6e70 JavaThread "Java2D Disposer"            daemon [_thread_blocked, id=12964, stack(0x000000e25f400000,0x000000e25f500000) (1024K)]
  0x000001f3730a7b90 JavaThread "AWT-Shutdown"                      [_thread_blocked, id=15548, stack(0x000000e25f500000,0x000000e25f600000) (1024K)]
  0x000001f3730a8220 JavaThread "AWT-Windows"                daemon [_thread_in_native, id=9492, stack(0x000000e25f600000,0x000000e25f700000) (1024K)]
  0x000001f3730a5ac0 JavaThread "Forwarding findElement on session 6ffad1014fe78ba8a05a05f1b04ba80e to remote"        [_thread_blocked, id=4736, stack(0x000000e25f700000,0x000000e25f800000) (1024K)]
  0x000001f3730a67e0 JavaThread "DestroyJavaVM"                     [_thread_blocked, id=15916, stack(0x000000e25e000000,0x000000e25e100000) (1024K)]
  0x000001f374445720 JavaThread "AsyncHttpClient-1-1"        daemon [_thread_blocked, id=11928, stack(0x000000e25fc00000,0x000000e25fd00000) (1024K)]
  0x000001f374444a00 JavaThread "Exec Default Executor"      daemon [_thread_in_native, id=13492, stack(0x000000e25fd00000,0x000000e25fe00000) (1024K)]
  0x000001f3744477f0 JavaThread "Exec Stream Pumper"         daemon [_thread_in_native, id=16920, stack(0x000000e25fe00000,0x000000e25ff00000) (1024K)]
  0x000001f374445090 JavaThread "Exec Stream Pumper"         daemon [_thread_in_native, id=15712, stack(0x000000e25ff00000,0x000000e260000000) (1024K)]
  0x000001f374447e80 JavaThread "Driver Service Executor"    daemon [_thread_blocked, id=276, stack(0x000000e260000000,0x000000e260100000) (1024K)]
  0x000001f37444c020 JavaThread "Driver Service Executor"    daemon [_thread_blocked, id=652, stack(0x000000e260100000,0x000000e260200000) (1024K)]
  0x000001f374448510 JavaThread "UrlChecker-2"               daemon [_thread_blocked, id=3784, stack(0x000000e260200000,0x000000e260300000) (1024K)]
  0x000001f374446440 JavaThread "AsyncHttpClient-1-2"        daemon [_thread_in_native, id=7132, stack(0x000000e260400000,0x000000e260500000) (1024K)]
  0x000001f374446ad0 JavaThread "AsyncHttpClient-1-3"        daemon [_thread_in_native, id=17188, stack(0x000000e260500000,0x000000e260600000) (1024K)]
  0x000001f37444b300 JavaThread "AsyncHttpClient-1-4"        daemon [_thread_in_native, id=18896, stack(0x000000e260600000,0x000000e260700000) (1024K)]
Total: 26

Other Threads:
  0x000001f32dae9d10 VMThread "VM Thread"                           [id=19648, stack(0x000000e25e700000,0x000000e25e800000) (1024K)]
  0x000001f32dad1140 WatcherThread "VM Periodic Task Thread"        [id=9312, stack(0x000000e25e600000,0x000000e25e700000) (1024K)]
  0x000001f3119a56f0 WorkerThread "GC Thread#0"                     [id=19644, stack(0x000000e25e100000,0x000000e25e200000) (1024K)]
  0x000001f3741e5be0 WorkerThread "GC Thread#1"                     [id=10800, stack(0x000000e25f100000,0x000000e25f200000) (1024K)]
  0x000001f3741e5f90 WorkerThread "GC Thread#2"                     [id=17260, stack(0x000000e25f800000,0x000000e25f900000) (1024K)]
  0x000001f3730197f0 WorkerThread "GC Thread#3"                     [id=4892, stack(0x000000e25f900000,0x000000e25fa00000) (1024K)]
  0x000001f3119b6490 ConcurrentGCThread "G1 Main Marker"            [id=15900, stack(0x000000e25e200000,0x000000e25e300000) (1024K)]
  0x000001f3119b7740 WorkerThread "G1 Conc#0"                       [id=17352, stack(0x000000e25e300000,0x000000e25e400000) (1024K)]
  0x000001f311a0d610 ConcurrentGCThread "G1 Refine#0"               [id=20416, stack(0x000000e25e400000,0x000000e25e500000) (1024K)]
  0x000001f311a0e190 ConcurrentGCThread "G1 Service"                [id=17148, stack(0x000000e25e500000,0x000000e25e600000) (1024K)]
Total: 10

Threads with active compile tasks:
C2 CompilerThread0  54066 4761   !   4       org.openqa.selenium.json.JsonOutput::getMethod (69 bytes)
Total: 1

VM state: not at safepoint (normal execution)

VM Mutex/Monitor currently owned by a thread: None

Heap address: 0x0000000082000000, size: 2016 MB, Compressed Oops mode: 32-bit

CDS archive(s) mapped at: [0x000001f32e000000-0x000001f32ec60000-0x000001f32ec60000), size 12976128, SharedBaseAddress: 0x000001f32e000000, ArchiveRelocationMode: 1.
Compressed class space mapped at: 0x000001f32f000000-0x000001f36f000000, reserved size: 1073741824
Narrow klass base: 0x000001f32e000000, Narrow klass shift: 0, Narrow klass range: 0x41000000

GC Precious Log:
 CardTable entry size: 512
 Card Set container configuration: InlinePtr #cards 5 size 8 Array Of Cards #cards 12 size 40 Howl #buckets 4 coarsen threshold 1843 Howl Bitmap #cards 512 size 80 coarsen threshold 460 Card regions per heap region 1 cards per card region 2048
 CPUs: 4 total, 4 available
 Memory: 8060M
 Large Page Support: Disabled
 NUMA Support: Disabled
 Compressed Oops: Enabled (32-bit)
 Heap Region Size: 1M
 Heap Min Capacity: 8M
 Heap Initial Capacity: 126M
 Heap Max Capacity: 2016M
 Pre-touch: Disabled
 Parallel Workers: 4
 Concurrent Workers: 1
 Concurrent Refinement Workers: 4
 Periodic GC: Disabled

Heap:
 garbage-first heap   total reserved 2064384K, committed 81920K, used 34672K [0x0000000082000000, 0x0000000100000000)
  region size 1024K, 7 young (7168K), 3 survivors (3072K)
 Metaspace       used 29527K, committed 29824K, reserved 1114112K
  class space    used 3417K, committed 3584K, reserved 1048576K

Heap Regions: E=young(eden), S=young(survivor), O=old, HS=humongous(starts), HC=humongous(continues), CS=collection set, F=free, TAMS=top-at-mark-start, PB=parsable bottom
|   0|0x0000000082000000, 0x0000000082100000, 0x0000000082100000|100%|HS|  |TAMS 0x0000000082000000| PB 0x0000000082000000| Complete |  0
|   1|0x0000000082100000, 0x0000000082200000, 0x0000000082200000|100%| O|  |TAMS 0x0000000082100000| PB 0x0000000082100000| Untracked |  0
|   2|0x0000000082200000, 0x0000000082300000, 0x0000000082300000|100%| O|  |TAMS 0x0000000082200000| PB 0x0000000082200000| Untracked |  0
|   3|0x0000000082300000, 0x0000000082300000, 0x0000000082400000|  0%| F|  |TAMS 0x0000000082300000| PB 0x0000000082300000| Untracked |  0
|   4|0x0000000082400000, 0x0000000082500000, 0x0000000082500000|100%| O|  |TAMS 0x0000000082400000| PB 0x0000000082400000| Untracked |  0
|   5|0x0000000082500000, 0x0000000082600000, 0x0000000082600000|100%| O|  |TAMS 0x0000000082500000| PB 0x0000000082500000| Untracked |  0
|   6|0x0000000082600000, 0x0000000082700000, 0x0000000082700000|100%|HS|  |TAMS 0x0000000082600000| PB 0x0000000082600000| Complete |  0
|   7|0x0000000082700000, 0x0000000082800000, 0x0000000082800000|100%|HC|  |TAMS 0x0000000082700000| PB 0x0000000082700000| Complete |  0
|   8|0x0000000082800000, 0x0000000082900000, 0x0000000082900000|100%|HC|  |TAMS 0x0000000082800000| PB 0x0000000082800000| Complete |  0
|   9|0x0000000082900000, 0x0000000082a00000, 0x0000000082a00000|100%|HS|  |TAMS 0x0000000082900000| PB 0x0000000082900000| Complete |  0
|  10|0x0000000082a00000, 0x0000000082b00000, 0x0000000082b00000|100%|HC|  |TAMS 0x0000000082a00000| PB 0x0000000082a00000| Complete |  0
|  11|0x0000000082b00000, 0x0000000082c00000, 0x0000000082c00000|100%|HC|  |TAMS 0x0000000082b00000| PB 0x0000000082b00000| Complete |  0
|  12|0x0000000082c00000, 0x0000000082d00000, 0x0000000082d00000|100%|HC|  |TAMS 0x0000000082c00000| PB 0x0000000082c00000| Complete |  0
|  13|0x0000000082d00000, 0x0000000082e00000, 0x0000000082e00000|100%| O|  |TAMS 0x0000000082d00000| PB 0x0000000082d00000| Untracked |  0
|  14|0x0000000082e00000, 0x0000000082f00000, 0x0000000082f00000|100%| O|  |TAMS 0x0000000082e00000| PB 0x0000000082e00000| Untracked |  0
|  15|0x0000000082f00000, 0x0000000083000000, 0x0000000083000000|100%| O|  |TAMS 0x0000000082f00000| PB 0x0000000082f00000| Untracked |  0
|  16|0x0000000083000000, 0x0000000083100000, 0x0000000083100000|100%| O|  |TAMS 0x0000000083000000| PB 0x0000000083000000| Untracked |  0
|  17|0x0000000083100000, 0x0000000083200000, 0x0000000083200000|100%| O|  |TAMS 0x0000000083100000| PB 0x0000000083100000| Untracked |  0
|  18|0x0000000083200000, 0x0000000083300000, 0x0000000083300000|100%| O|  |TAMS 0x0000000083200000| PB 0x0000000083200000| Untracked |  0
|  19|0x0000000083300000, 0x0000000083400000, 0x0000000083400000|100%| O|  |TAMS 0x0000000083300000| PB 0x0000000083300000| Untracked |  0
|  20|0x0000000083400000, 0x0000000083500000, 0x0000000083500000|100%| O|  |TAMS 0x0000000083400000| PB 0x0000000083400000| Untracked |  0
|  21|0x0000000083500000, 0x0000000083600000, 0x0000000083600000|100%| O|  |TAMS 0x0000000083500000| PB 0x0000000083500000| Untracked |  0
|  22|0x0000000083600000, 0x0000000083700000, 0x0000000083700000|100%| O|  |TAMS 0x0000000083600000| PB 0x0000000083600000| Untracked |  0
|  23|0x0000000083700000, 0x00000000837e3800, 0x0000000083800000| 88%| O|  |TAMS 0x0000000083700000| PB 0x0000000083700000| Untracked |  0
|  24|0x0000000083800000, 0x0000000083900000, 0x0000000083900000|100%|HS|  |TAMS 0x0000000083800000| PB 0x0000000083800000| Complete |  0
|  25|0x0000000083900000, 0x0000000083a00000, 0x0000000083a00000|100%|HC|  |TAMS 0x0000000083900000| PB 0x0000000083900000| Complete |  0
|  26|0x0000000083a00000, 0x0000000083b00000, 0x0000000083b00000|100%|HC|  |TAMS 0x0000000083a00000| PB 0x0000000083a00000| Complete |  0
|  27|0x0000000083b00000, 0x0000000083c00000, 0x0000000083c00000|100%|HC|  |TAMS 0x0000000083b00000| PB 0x0000000083b00000| Complete |  0
|  28|0x0000000083c00000, 0x0000000083d00000, 0x0000000083d00000|100%|HC|  |TAMS 0x0000000083c00000| PB 0x0000000083c00000| Complete |  0
|  29|0x0000000083d00000, 0x0000000083d00000, 0x0000000083e00000|  0%| F|  |TAMS 0x0000000083d00000| PB 0x0000000083d00000| Untracked |  0
|  30|0x0000000083e00000, 0x0000000083e00000, 0x0000000083f00000|  0%| F|  |TAMS 0x0000000083e00000| PB 0x0000000083e00000| Untracked |  0
|  31|0x0000000083f00000, 0x0000000083f00000, 0x0000000084000000|  0%| F|  |TAMS 0x0000000083f00000| PB 0x0000000083f00000| Untracked |  0
|  32|0x0000000084000000, 0x0000000084061868, 0x0000000084100000| 38%| O|  |TAMS 0x0000000084000000| PB 0x0000000084000000| Untracked |  0
|  33|0x0000000084100000, 0x0000000084100000, 0x0000000084200000|  0%| F|  |TAMS 0x0000000084100000| PB 0x0000000084100000| Untracked |  0
|  34|0x0000000084200000, 0x0000000084200000, 0x0000000084300000|  0%| F|  |TAMS 0x0000000084200000| PB 0x0000000084200000| Untracked |  0
|  35|0x0000000084300000, 0x0000000084300000, 0x0000000084400000|  0%| F|  |TAMS 0x0000000084300000| PB 0x0000000084300000| Untracked |  0
|  36|0x0000000084400000, 0x0000000084400000, 0x0000000084500000|  0%| F|  |TAMS 0x0000000084400000| PB 0x0000000084400000| Untracked |  0
|  37|0x0000000084500000, 0x0000000084500000, 0x0000000084600000|  0%| F|  |TAMS 0x0000000084500000| PB 0x0000000084500000| Untracked |  0
|  38|0x0000000084600000, 0x0000000084600000, 0x0000000084700000|  0%| F|  |TAMS 0x0000000084600000| PB 0x0000000084600000| Untracked |  0
|  39|0x0000000084700000, 0x0000000084700000, 0x0000000084800000|  0%| F|  |TAMS 0x0000000084700000| PB 0x0000000084700000| Untracked |  0
|  40|0x0000000084800000, 0x0000000084800000, 0x0000000084900000|  0%| F|  |TAMS 0x0000000084800000| PB 0x0000000084800000| Untracked |  0
|  41|0x0000000084900000, 0x0000000084900000, 0x0000000084a00000|  0%| F|  |TAMS 0x0000000084900000| PB 0x0000000084900000| Untracked |  0
|  42|0x0000000084a00000, 0x0000000084a00000, 0x0000000084b00000|  0%| F|  |TAMS 0x0000000084a00000| PB 0x0000000084a00000| Untracked |  0
|  43|0x0000000084b00000, 0x0000000084b00000, 0x0000000084c00000|  0%| F|  |TAMS 0x0000000084b00000| PB 0x0000000084b00000| Untracked |  0
|  44|0x0000000084c00000, 0x0000000084c97298, 0x0000000084d00000| 59%| S|CS|TAMS 0x0000000084c00000| PB 0x0000000084c00000| Complete |  0
|  45|0x0000000084d00000, 0x0000000084e00000, 0x0000000084e00000|100%| S|CS|TAMS 0x0000000084d00000| PB 0x0000000084d00000| Complete |  0
|  46|0x0000000084e00000, 0x0000000084f00000, 0x0000000084f00000|100%| S|CS|TAMS 0x0000000084e00000| PB 0x0000000084e00000| Complete |  0
|  47|0x0000000084f00000, 0x0000000084f00000, 0x0000000085000000|  0%| F|  |TAMS 0x0000000084f00000| PB 0x0000000084f00000| Untracked |  0
|  48|0x0000000085000000, 0x0000000085000000, 0x0000000085100000|  0%| F|  |TAMS 0x0000000085000000| PB 0x0000000085000000| Untracked |  0
|  49|0x0000000085100000, 0x0000000085100000, 0x0000000085200000|  0%| F|  |TAMS 0x0000000085100000| PB 0x0000000085100000| Untracked |  0
|  50|0x0000000085200000, 0x0000000085200000, 0x0000000085300000|  0%| F|  |TAMS 0x0000000085200000| PB 0x0000000085200000| Untracked |  0
|  51|0x0000000085300000, 0x0000000085300000, 0x0000000085400000|  0%| F|  |TAMS 0x0000000085300000| PB 0x0000000085300000| Untracked |  0
|  52|0x0000000085400000, 0x0000000085400000, 0x0000000085500000|  0%| F|  |TAMS 0x0000000085400000| PB 0x0000000085400000| Untracked |  0
|  53|0x0000000085500000, 0x0000000085500000, 0x0000000085600000|  0%| F|  |TAMS 0x0000000085500000| PB 0x0000000085500000| Untracked |  0
|  54|0x0000000085600000, 0x0000000085600000, 0x0000000085700000|  0%| F|  |TAMS 0x0000000085600000| PB 0x0000000085600000| Untracked |  0
|  55|0x0000000085700000, 0x0000000085700000, 0x0000000085800000|  0%| F|  |TAMS 0x0000000085700000| PB 0x0000000085700000| Untracked |  0
|  56|0x0000000085800000, 0x0000000085800000, 0x0000000085900000|  0%| F|  |TAMS 0x0000000085800000| PB 0x0000000085800000| Untracked |  0
|  57|0x0000000085900000, 0x0000000085900000, 0x0000000085a00000|  0%| F|  |TAMS 0x0000000085900000| PB 0x0000000085900000| Untracked |  0
|  58|0x0000000085a00000, 0x0000000085a00000, 0x0000000085b00000|  0%| F|  |TAMS 0x0000000085a00000| PB 0x0000000085a00000| Untracked |  0
|  59|0x0000000085b00000, 0x0000000085b00000, 0x0000000085c00000|  0%| F|  |TAMS 0x0000000085b00000| PB 0x0000000085b00000| Untracked |  0
|  60|0x0000000085c00000, 0x0000000085c00000, 0x0000000085d00000|  0%| F|  |TAMS 0x0000000085c00000| PB 0x0000000085c00000| Untracked |  0
|  61|0x0000000085d00000, 0x0000000085d00000, 0x0000000085e00000|  0%| F|  |TAMS 0x0000000085d00000| PB 0x0000000085d00000| Untracked |  0
|  62|0x0000000085e00000, 0x0000000085e00000, 0x0000000085f00000|  0%| F|  |TAMS 0x0000000085e00000| PB 0x0000000085e00000| Untracked |  0
|  63|0x0000000085f00000, 0x0000000085f00000, 0x0000000086000000|  0%| F|  |TAMS 0x0000000085f00000| PB 0x0000000085f00000| Untracked |  0
|  64|0x0000000086000000, 0x0000000086000000, 0x0000000086100000|  0%| F|  |TAMS 0x0000000086000000| PB 0x0000000086000000| Untracked |  0
|  65|0x0000000086100000, 0x0000000086100000, 0x0000000086200000|  0%| F|  |TAMS 0x0000000086100000| PB 0x0000000086100000| Untracked |  0
|  66|0x0000000086200000, 0x0000000086200000, 0x0000000086300000|  0%| F|  |TAMS 0x0000000086200000| PB 0x0000000086200000| Untracked |  0
|  67|0x0000000086300000, 0x0000000086300000, 0x0000000086400000|  0%| F|  |TAMS 0x0000000086300000| PB 0x0000000086300000| Untracked |  0
|  68|0x0000000086400000, 0x0000000086400000, 0x0000000086500000|  0%| F|  |TAMS 0x0000000086400000| PB 0x0000000086400000| Untracked |  0
|  69|0x0000000086500000, 0x0000000086500000, 0x0000000086600000|  0%| F|  |TAMS 0x0000000086500000| PB 0x0000000086500000| Untracked |  0
|  70|0x0000000086600000, 0x0000000086600000, 0x0000000086700000|  0%| F|  |TAMS 0x0000000086600000| PB 0x0000000086600000| Untracked |  0
|  71|0x0000000086700000, 0x0000000086700000, 0x0000000086800000|  0%| F|  |TAMS 0x0000000086700000| PB 0x0000000086700000| Untracked |  0
|  72|0x0000000086800000, 0x0000000086800000, 0x0000000086900000|  0%| F|  |TAMS 0x0000000086800000| PB 0x0000000086800000| Untracked |  0
|  73|0x0000000086900000, 0x0000000086900000, 0x0000000086a00000|  0%| F|  |TAMS 0x0000000086900000| PB 0x0000000086900000| Untracked |  0
|  74|0x0000000086a00000, 0x0000000086a00000, 0x0000000086b00000|  0%| F|  |TAMS 0x0000000086a00000| PB 0x0000000086a00000| Untracked |  0
|  75|0x0000000086b00000, 0x0000000086b00000, 0x0000000086c00000|  0%| F|  |TAMS 0x0000000086b00000| PB 0x0000000086b00000| Untracked |  0
|  76|0x0000000086c00000, 0x0000000086c8b000, 0x0000000086d00000| 54%| E|  |TAMS 0x0000000086c00000| PB 0x0000000086c00000| Complete |  0
|  77|0x0000000086d00000, 0x0000000086e00000, 0x0000000086e00000|100%| E|CS|TAMS 0x0000000086d00000| PB 0x0000000086d00000| Complete |  0
| 117|0x0000000089500000, 0x0000000089600000, 0x0000000089600000|100%| E|CS|TAMS 0x0000000089500000| PB 0x0000000089500000| Complete |  0
| 125|0x0000000089d00000, 0x0000000089e00000, 0x0000000089e00000|100%| E|CS|TAMS 0x0000000089d00000| PB 0x0000000089d00000| Complete |  0

Card table byte_map: [0x000001f3292d0000,0x000001f3296c0000] _byte_map_base: 0x000001f328ec0000

Marking Bits: (CMBitMap*) 0x000001f3119a5e00
 Bits: [0x000001f3296c0000, 0x000001f32b640000)

Polling page: 0x000001f311110000

Metaspace:

Usage:
  Non-class:     25.50 MB used.
      Class:      3.34 MB used.
       Both:     28.84 MB used.

Virtual space:
  Non-class space:       64.00 MB reserved,      25.62 MB ( 40%) committed,  1 nodes.
      Class space:        1.00 GB reserved,       3.50 MB ( <1%) committed,  1 nodes.
             Both:        1.06 GB reserved,      29.12 MB (  3%) committed. 

Chunk freelists:
   Non-Class:  5.95 MB
       Class:  12.53 MB
        Both:  18.48 MB

MaxMetaspaceSize: unlimited
CompressedClassSpaceSize: 1.00 GB
Initial GC threshold: 21.00 MB
Current GC threshold: 35.31 MB
CDS: on
 - commit_granule_bytes: 65536.
 - commit_granule_words: 8192.
 - virtual_space_node_default_size: 8388608.
 - enlarge_chunks_in_place: 1.
 - use_allocation_guard: 0.


Internal statistics:

num_allocs_failed_limit: 3.
num_arena_births: 278.
num_arena_deaths: 0.
num_vsnodes_births: 2.
num_vsnodes_deaths: 0.
num_space_committed: 466.
num_space_uncommitted: 0.
num_chunks_returned_to_freelist: 3.
num_chunks_taken_from_freelist: 823.
num_chunk_merges: 0.
num_chunk_splits: 581.
num_chunks_enlarged: 456.
num_inconsistent_stats: 0.

CodeHeap 'non-profiled nmethods': size=120000Kb used=1659Kb max_used=1659Kb free=118340Kb
 bounds [0x000001f3219b0000, 0x000001f321c20000, 0x000001f328ee0000]
CodeHeap 'profiled nmethods': size=120000Kb used=9428Kb max_used=9428Kb free=110571Kb
 bounds [0x000001f319ee0000, 0x000001f31a820000, 0x000001f321410000]
CodeHeap 'non-nmethods': size=5760Kb used=1751Kb max_used=1831Kb free=4008Kb
 bounds [0x000001f321410000, 0x000001f321680000, 0x000001f3219b0000]
 total_blobs=5532 nmethods=4763 adapters=673
 compilation: enabled
              stopped_count=0, restarted_count=0
 full_count=0

Compilation events (20 events):
Event: 48.746 Thread 0x000001f32db23b90 nmethod 4752 0x000001f31a811e10 code [0x000001f31a811fc0, 0x000001f31a812298]
Event: 48.746 Thread 0x000001f32db23b90 4753       3       org.openqa.selenium.json.JsonOutput::lambda$new$17 (17 bytes)
Event: 48.747 Thread 0x000001f32db23b90 nmethod 4753 0x000001f31a812390 code [0x000001f31a812540, 0x000001f31a8126d8]
Event: 48.747 Thread 0x000001f32db23b90 4754       3       org.openqa.selenium.json.JsonOutput$$Lambda/0x000001f32f2d3850::test (12 bytes)
Event: 48.747 Thread 0x000001f32db23b90 nmethod 4754 0x000001f31a812790 code [0x000001f31a812940, 0x000001f31a812c18]
Event: 48.747 Thread 0x000001f32db23b90 4755       3       org.openqa.selenium.json.JsonOutput::lambda$new$19 (17 bytes)
Event: 48.747 Thread 0x000001f32db23b90 nmethod 4755 0x000001f31a812d10 code [0x000001f31a812ec0, 0x000001f31a813058]
Event: 48.771 Thread 0x000001f32db23b90 4756       3       sun.nio.ch.IOVecWrapper::getBuffer (7 bytes)
Event: 48.772 Thread 0x000001f32db23b90 nmethod 4756 0x000001f31a813110 code [0x000001f31a8132a0, 0x000001f31a8133d8]
Event: 48.772 Thread 0x000001f32db23b90 4757       3       sun.nio.ch.IOVecWrapper::getPosition (7 bytes)
Event: 48.772 Thread 0x000001f32db23b90 nmethod 4757 0x000001f31a813490 code [0x000001f31a813620, 0x000001f31a813758]
Event: 48.772 Thread 0x000001f32db23b90 4758       3       sun.nio.ch.IOVecWrapper::getRemaining (7 bytes)
Event: 48.772 Thread 0x000001f32db23b90 nmethod 4758 0x000001f31a813810 code [0x000001f31a8139a0, 0x000001f31a813ad8]
Event: 48.772 Thread 0x000001f32db23b90 4759       3       sun.nio.ch.IOVecWrapper::getShadow (7 bytes)
Event: 48.772 Thread 0x000001f32db23b90 nmethod 4759 0x000001f31a813b90 code [0x000001f31a813d20, 0x000001f31a813e58]
Event: 48.772 Thread 0x000001f32db23b90 4760       3       sun.nio.ch.IOVecWrapper::clearRefs (15 bytes)
Event: 48.773 Thread 0x000001f32db23b90 nmethod 4760 0x000001f31a813f10 code [0x000001f31a8140c0, 0x000001f31a8144f8]
Event: 48.905 Thread 0x000001f32db20310 4761   !   4       org.openqa.selenium.json.JsonOutput::getMethod (69 bytes)
Event: 48.906 Thread 0x000001f32db23b90 4762       3       java.io.PushbackInputStream::read (42 bytes)
Event: 48.907 Thread 0x000001f32db23b90 nmethod 4762 0x000001f31a814690 code [0x000001f31a814880, 0x000001f31a814ca8]

GC Heap History (12 events):
Event: 10.509 GC heap before
{Heap before GC invocations=0 (full 0):
 garbage-first heap   total reserved 2064384K, committed 129024K, used 26624K [0x0000000082000000, 0x0000000100000000)
  region size 1024K, 14 young (14336K), 0 survivors (0K)
 Metaspace       used 7883K, committed 8192K, reserved 1114112K
  class space    used 826K, committed 960K, reserved 1048576K
}
Event: 10.518 GC heap after
{Heap after GC invocations=1 (full 0):
 garbage-first heap   total reserved 2064384K, committed 129024K, used 15072K [0x0000000082000000, 0x0000000100000000)
  region size 1024K, 2 young (2048K), 2 survivors (2048K)
 Metaspace       used 7883K, committed 8192K, reserved 1114112K
  class space    used 826K, committed 960K, reserved 1048576K
}
Event: 11.260 GC heap before
{Heap before GC invocations=1 (full 0):
 garbage-first heap   total reserved 2064384K, committed 129024K, used 26336K [0x0000000082000000, 0x0000000100000000)
  region size 1024K, 14 young (14336K), 2 survivors (2048K)
 Metaspace       used 11481K, committed 11712K, reserved 1114112K
  class space    used 1171K, committed 1280K, reserved 1048576K
}
Event: 11.266 GC heap after
{Heap after GC invocations=2 (full 0):
 garbage-first heap   total reserved 2064384K, committed 129024K, used 17377K [0x0000000082000000, 0x0000000100000000)
  region size 1024K, 2 young (2048K), 2 survivors (2048K)
 Metaspace       used 11481K, committed 11712K, reserved 1114112K
  class space    used 1171K, committed 1280K, reserved 1048576K
}
Event: 14.930 GC heap before
{Heap before GC invocations=2 (full 0):
 garbage-first heap   total reserved 2064384K, committed 129024K, used 47073K [0x0000000082000000, 0x0000000100000000)
  region size 1024K, 31 young (31744K), 2 survivors (2048K)
 Metaspace       used 18253K, committed 18560K, reserved 1114112K
  class space    used 2022K, committed 2176K, reserved 1048576K
}
Event: 14.944 GC heap after
{Heap after GC invocations=3 (full 0):
 garbage-first heap   total reserved 2064384K, committed 129024K, used 24080K [0x0000000082000000, 0x0000000100000000)
  region size 1024K, 4 young (4096K), 4 survivors (4096K)
 Metaspace       used 18253K, committed 18560K, reserved 1114112K
  class space    used 2022K, committed 2176K, reserved 1048576K
}
Event: 15.216 GC heap before
{Heap before GC invocations=3 (full 0):
 garbage-first heap   total reserved 2064384K, committed 129024K, used 31248K [0x0000000082000000, 0x0000000100000000)
  region size 1024K, 12 young (12288K), 4 survivors (4096K)
 Metaspace       used 21273K, committed 21504K, reserved 1114112K
  class space    used 2413K, committed 2496K, reserved 1048576K
}
Event: 15.226 GC heap after
{Heap after GC invocations=4 (full 0):
 garbage-first heap   total reserved 2064384K, committed 129024K, used 25399K [0x0000000082000000, 0x0000000100000000)
  region size 1024K, 1 young (1024K), 1 survivors (1024K)
 Metaspace       used 21273K, committed 21504K, reserved 1114112K
  class space    used 2413K, committed 2496K, reserved 1048576K
}
Event: 38.715 GC heap before
{Heap before GC invocations=5 (full 0):
 garbage-first heap   total reserved 2064384K, committed 81920K, used 76599K [0x0000000082000000, 0x0000000100000000)
  region size 1024K, 48 young (49152K), 1 survivors (1024K)
 Metaspace       used 29067K, committed 29376K, reserved 1114112K
  class space    used 3416K, committed 3584K, reserved 1048576K
}
Event: 38.722 GC heap after
{Heap after GC invocations=6 (full 0):
 garbage-first heap   total reserved 2064384K, committed 81920K, used 31630K [0x0000000082000000, 0x0000000100000000)
  region size 1024K, 3 young (3072K), 3 survivors (3072K)
 Metaspace       used 29067K, committed 29376K, reserved 1114112K
  class space    used 3416K, committed 3584K, reserved 1048576K
}
Event: 48.294 GC heap before
{Heap before GC invocations=6 (full 0):
 garbage-first heap   total reserved 2064384K, committed 81920K, used 64398K [0x0000000082000000, 0x0000000100000000)
  region size 1024K, 36 young (36864K), 3 survivors (3072K)
 Metaspace       used 29505K, committed 29824K, reserved 1114112K
  class space    used 3417K, committed 3584K, reserved 1048576K
}
Event: 48.300 GC heap after
{Heap after GC invocations=7 (full 0):
 garbage-first heap   total reserved 2064384K, committed 81920K, used 31600K [0x0000000082000000, 0x0000000100000000)
  region size 1024K, 3 young (3072K), 3 survivors (3072K)
 Metaspace       used 29505K, committed 29824K, reserved 1114112K
  class space    used 3417K, committed 3584K, reserved 1048576K
}

Dll operation events (17 events):
Event: 0.021 Loaded shared library C:\Users\umpeq\.jdks\corretto-22.0.2\bin\java.dll
Event: 0.075 Loaded shared library C:\Users\umpeq\.jdks\corretto-22.0.2\bin\jsvml.dll
Event: 0.285 Loaded shared library C:\Users\umpeq\.jdks\corretto-22.0.2\bin\zip.dll
Event: 0.292 Loaded shared library C:\Users\umpeq\.jdks\corretto-22.0.2\bin\instrument.dll
Event: 0.301 Loaded shared library C:\Users\umpeq\.jdks\corretto-22.0.2\bin\net.dll
Event: 0.304 Loaded shared library C:\Users\umpeq\.jdks\corretto-22.0.2\bin\nio.dll
Event: 0.313 Loaded shared library C:\Users\umpeq\.jdks\corretto-22.0.2\bin\zip.dll
Event: 0.504 Loaded shared library C:\Program Files\JetBrains\IntelliJ IDEA Community Edition 2024.1.2\bin\breakgen64.dll
Event: 0.528 Loaded shared library C:\Users\umpeq\.jdks\corretto-22.0.2\bin\jimage.dll
Event: 0.534 Loaded shared library C:\Users\umpeq\.jdks\corretto-22.0.2\bin\extnet.dll
Event: 0.557 Loaded shared library C:\Users\umpeq\.jdks\corretto-22.0.2\bin\awt.dll
Event: 0.905 Loaded shared library C:\Users\umpeq\.jdks\corretto-22.0.2\bin\freetype.dll
Event: 0.907 Loaded shared library C:\Users\umpeq\.jdks\corretto-22.0.2\bin\fontmanager.dll
Event: 11.469 Loaded shared library C:\Users\umpeq\.jdks\corretto-22.0.2\bin\verify.dll
Event: 12.442 Loaded shared library C:\Users\umpeq\.jdks\corretto-22.0.2\bin\sunmscapi.dll
Event: 15.086 Loaded shared library C:\Users\umpeq\.jdks\corretto-22.0.2\bin\management.dll
Event: 15.091 Loaded shared library C:\Users\umpeq\.jdks\corretto-22.0.2\bin\management_ext.dll

Deoptimization events (20 events):
Event: 25.299 Thread 0x000001f3730a5ac0 DEOPT PACKING pc=0x000001f321ac8a04 sp=0x000000e25f7fdad0
Event: 25.299 Thread 0x000001f3730a5ac0 DEOPT UNPACKING pc=0x000001f3214646a2 sp=0x000000e25f7fda70 mode 2
Event: 25.626 Thread 0x000001f3730a5ac0 Uncommon trap: trap_request=0xffffffde fr.pc=0x000001f321ac8a04 relative=0x00000000000001c4
Event: 25.626 Thread 0x000001f3730a5ac0 Uncommon trap: reason=class_check action=maybe_recompile pc=0x000001f321ac8a04 method=org.openqa.selenium.json.Input.fill()Z @ 85 c2
Event: 25.626 Thread 0x000001f3730a5ac0 DEOPT PACKING pc=0x000001f321ac8a04 sp=0x000000e25f7fda10
Event: 25.630 Thread 0x000001f3730a5ac0 DEOPT UNPACKING pc=0x000001f3214646a2 sp=0x000000e25f7fd9b0 mode 2
Event: 25.758 Thread 0x000001f3730a5ac0 Uncommon trap: trap_request=0xffffffde fr.pc=0x000001f321ac8a04 relative=0x00000000000001c4
Event: 25.758 Thread 0x000001f3730a5ac0 Uncommon trap: reason=class_check action=maybe_recompile pc=0x000001f321ac8a04 method=org.openqa.selenium.json.Input.fill()Z @ 85 c2
Event: 25.758 Thread 0x000001f3730a5ac0 DEOPT PACKING pc=0x000001f321ac8a04 sp=0x000000e25f7fdae0
Event: 25.758 Thread 0x000001f3730a5ac0 DEOPT UNPACKING pc=0x000001f3214646a2 sp=0x000000e25f7fda80 mode 2
Event: 25.773 Thread 0x000001f3730a5ac0 Uncommon trap: trap_request=0xffffff45 fr.pc=0x000001f321a8c65c relative=0x000000000000009c
Event: 25.773 Thread 0x000001f3730a5ac0 Uncommon trap: reason=unstable_if action=reinterpret pc=0x000001f321a8c65c method=sun.net.www.ParseUtil.firstEncodeIndex(Ljava/lang/String;)I @ 51 c2
Event: 25.773 Thread 0x000001f3730a5ac0 DEOPT PACKING pc=0x000001f321a8c65c sp=0x000000e25f7fd300
Event: 25.773 Thread 0x000001f3730a5ac0 DEOPT UNPACKING pc=0x000001f3214646a2 sp=0x000000e25f7fd288 mode 2
Event: 27.355 Thread 0x000001f3730a5ac0 Uncommon trap: trap_request=0xffffff45 fr.pc=0x000001f321a30534 relative=0x0000000000002334
Event: 27.355 Thread 0x000001f3730a5ac0 Uncommon trap: reason=unstable_if action=reinterpret pc=0x000001f321a30534 method=java.util.jar.JarFile.getVersionedEntry(Ljava/lang/String;Ljava/util/jar/JarEntry;)Ljava/util/jar/JarEntry; @ 26 c2
Event: 27.355 Thread 0x000001f3730a5ac0 DEOPT PACKING pc=0x000001f321a30534 sp=0x000000e25f7fd3c0
Event: 27.355 Thread 0x000001f3730a5ac0 DEOPT UNPACKING pc=0x000001f3214646a2 sp=0x000000e25f7fd360 mode 2
Event: 32.256 Thread 0x000001f3730a5ac0 DEOPT PACKING pc=0x000001f31a4e790b sp=0x000000e25f7fd4b0
Event: 32.257 Thread 0x000001f3730a5ac0 DEOPT UNPACKING pc=0x000001f321464e42 sp=0x000000e25f7fc960 mode 0

Classes loaded (20 events):
Event: 25.551 Loading class sun/util/logging/resources/logging_pt_BR
Event: 25.552 Loading class sun/util/logging/resources/logging_pt_BR done
Event: 25.552 Loading class java/util/Formatter$DateTime
Event: 25.552 Loading class java/util/Formatter$DateTime done
Event: 25.553 Loading class java/time/ZonedDateTime$1
Event: 25.553 Loading class java/time/ZonedDateTime$1 done
Event: 26.126 Loading class java/util/concurrent/ConcurrentLinkedDeque$Itr
Event: 26.126 Loading class java/util/concurrent/ConcurrentLinkedDeque$AbstractItr
Event: 26.165 Loading class java/util/concurrent/ConcurrentLinkedDeque$AbstractItr done
Event: 26.166 Loading class java/util/concurrent/ConcurrentLinkedDeque$Itr done
Event: 26.820 Loading class java/net/URLEncoder
Event: 26.850 Loading class java/net/URLEncoder done
Event: 26.850 Loading class jdk/internal/util/ImmutableBitSetPredicate
Event: 26.921 Loading class jdk/internal/util/ImmutableBitSetPredicate done
Event: 26.921 Loading class jdk/internal/util/ImmutableBitSetPredicate$SmallImmutableBitSetPredicate
Event: 26.921 Loading class jdk/internal/util/ImmutableBitSetPredicate$SmallImmutableBitSetPredicate done
Event: 27.328 Loading class java/time/Instant$1
Event: 27.328 Loading class java/time/Instant$1 done
Event: 27.354 Loading class java/io/PrintWriter
Event: 27.354 Loading class java/io/PrintWriter done

Classes unloaded (0 events):
No events

Classes redefined (0 events):
No events

Internal exceptions (20 events):
Event: 15.389 Thread 0x000001f3730a5ac0 Exception <a 'java/lang/NoSuchMethodError'{0x0000000086a79198}: 'java.lang.Object java.lang.invoke.DirectMethodHandle$Holder.invokeInterface(java.lang.Object, java.lang.Object, java.lang.Object, java.lang.Object)'> (0x0000000086a79198) 
thrown [s\src\hotspot\share\interpreter\linkResolver.cpp, line 774]
Event: 15.409 Thread 0x000001f3730a5ac0 Exception <a 'java/lang/NoSuchMethodError'{0x0000000086a92890}: 'java.lang.Object java.lang.invoke.DirectMethodHandle$Holder.invokeInterface(java.lang.Object, java.lang.Object, java.lang.Object)'> (0x0000000086a92890) 
thrown [s\src\hotspot\share\interpreter\linkResolver.cpp, line 774]
Event: 15.409 Thread 0x000001f3730a5ac0 Exception <a 'java/lang/IncompatibleClassChangeError'{0x0000000086a95f38}: Found class java.lang.Object, but interface was expected> (0x0000000086a95f38) 
thrown [s\src\hotspot\share\interpreter\linkResolver.cpp, line 841]
Event: 15.411 Thread 0x000001f3730a5ac0 Exception <a 'java/lang/NoSuchMethodError'{0x0000000086a9dd20}: 'int java.lang.invoke.DirectMethodHandle$Holder.invokeSpecialIFC(java.lang.Object, java.lang.Object, java.lang.Object, java.lang.Object)'> (0x0000000086a9dd20) 
thrown [s\src\hotspot\share\interpreter\linkResolver.cpp, line 774]
Event: 15.524 Thread 0x000001f374448510 Exception <a 'java/net/ConnectException'{0x0000000086839ed0}: Connection refused: getsockopt> (0x0000000086839ed0) 
thrown [s\src\hotspot\share\prims\jni.cpp, line 539]
Event: 15.550 Thread 0x000001f374448510 Exception <a 'java/net/ConnectException'{0x000000008683aea0}: Connection refused: getsockopt> (0x000000008683aea0) 
thrown [s\src\hotspot\share\prims\jni.cpp, line 539]
Event: 15.582 Thread 0x000001f374448510 Exception <a 'java/net/ConnectException'{0x000000008683bdb0}: Connection refused: getsockopt> (0x000000008683bdb0) 
thrown [s\src\hotspot\share\prims\jni.cpp, line 539]
Event: 15.654 Thread 0x000001f3730a5ac0 Exception <a 'java/lang/NoSuchMethodError'{0x000000008687cf90}: 'int java.lang.invoke.DirectMethodHandle$Holder.invokeVirtual(java.lang.Object, java.lang.Object)'> (0x000000008687cf90) 
thrown [s\src\hotspot\share\interpreter\linkResolver.cpp, line 774]
Event: 15.655 Thread 0x000001f3730a5ac0 Exception <a 'java/lang/NoSuchMethodError'{0x0000000086883188}: 'double java.lang.invoke.DirectMethodHandle$Holder.invokeVirtual(java.lang.Object, java.lang.Object)'> (0x0000000086883188) 
thrown [s\src\hotspot\share\interpreter\linkResolver.cpp, line 774]
Event: 15.655 Thread 0x000001f3730a5ac0 Exception <a 'java/lang/NoSuchMethodError'{0x0000000086889608}: 'float java.lang.invoke.DirectMethodHandle$Holder.invokeVirtual(java.lang.Object, java.lang.Object)'> (0x0000000086889608) 
thrown [s\src\hotspot\share\interpreter\linkResolver.cpp, line 774]
Event: 15.657 Thread 0x000001f3730a5ac0 Exception <a 'java/lang/NoSuchMethodError'{0x0000000086891da0}: 'long java.lang.invoke.DirectMethodHandle$Holder.invokeVirtual(java.lang.Object, java.lang.Object)'> (0x0000000086891da0) 
thrown [s\src\hotspot\share\interpreter\linkResolver.cpp, line 774]
Event: 15.705 Thread 0x000001f3730a5ac0 Exception <a 'java/lang/NoSuchMethodError'{0x00000000867bd930}: 'java.lang.Object java.lang.invoke.DirectMethodHandle$Holder.newInvokeSpecial(java.lang.Object, java.lang.Object, int, int)'> (0x00000000867bd930) 
thrown [s\src\hotspot\share\interpreter\linkResolver.cpp, line 774]
Event: 15.707 Thread 0x000001f3730a5ac0 Exception <a 'java/lang/NoSuchMethodError'{0x00000000867c7f10}: 'void java.lang.invoke.DirectMethodHandle$Holder.invokeStatic(java.lang.Object, java.lang.Object, int)'> (0x00000000867c7f10) 
thrown [s\src\hotspot\share\interpreter\linkResolver.cpp, line 774]
Event: 15.775 Thread 0x000001f3730a5ac0 Exception <a 'java/lang/NoSuchMethodError'{0x00000000865cf1f0}: 'int java.lang.invoke.DirectMethodHandle$Holder.invokeSpecialIFC(java.lang.Object, java.lang.Object, java.lang.Object)'> (0x00000000865cf1f0) 
thrown [s\src\hotspot\share\interpreter\linkResolver.cpp, line 774]
Event: 15.803 Thread 0x000001f3730a5ac0 Exception <a 'java/lang/NoSuchMethodError'{0x000000008648c0a0}: 'void java.lang.invoke.DirectMethodHandle$Holder.invokeStatic(java.lang.Object, java.lang.Object, java.lang.Object, java.lang.Object)'> (0x000000008648c0a0) 
thrown [s\src\hotspot\share\interpreter\linkResolver.cpp, line 774]
Event: 15.889 Thread 0x000001f3730a5ac0 Exception <a 'java/lang/NoSuchMethodError'{0x00000000862c4108}: 'long java.lang.invoke.DirectMethodHandle$Holder.invokeInterface(java.lang.Object, java.lang.Object)'> (0x00000000862c4108) 
thrown [s\src\hotspot\share\interpreter\linkResolver.cpp, line 774]
Event: 15.890 Thread 0x000001f3730a5ac0 Exception <a 'java/lang/NoSuchMethodError'{0x00000000862c8ab0}: 'long java.lang.invoke.DelegatingMethodHandle$Holder.reinvoke_L(java.lang.Object, java.lang.Object)'> (0x00000000862c8ab0) 
thrown [s\src\hotspot\share\interpreter\linkResolver.cpp, line 774]
Event: 25.153 Thread 0x000001f3730a5ac0 Exception <a 'java/lang/NoSuchMethodError'{0x0000000085cddaf0}: 'java.lang.Object java.lang.invoke.DirectMethodHandle$Holder.invokeSpecialIFC(java.lang.Object, java.lang.Object, java.lang.Object)'> (0x0000000085cddaf0) 
thrown [s\src\hotspot\share\interpreter\linkResolver.cpp, line 774]
Event: 25.246 Thread 0x000001f3730a5ac0 Exception <a 'java/lang/NoSuchMethodError'{0x0000000085bf0080}: 'void java.lang.invoke.DirectMethodHandle$Holder.invokeSpecial(java.lang.Object, java.lang.Object, java.lang.Object, java.lang.Object, java.lang.Object)'> (0x0000000085bf0080) 
thrown [s\src\hotspot\share\interpreter\linkResolver.cpp, line 774]
Event: 25.550 Thread 0x000001f3730a5ac0 Exception <a 'java/lang/ClassNotFoundException'{0x0000000085863200}: sun/util/logging/resources/spi/loggingProvider> (0x0000000085863200) 
thrown [s\src\hotspot\share\classfile\systemDictionary.cpp, line 313]

ZGC Phase Switch (0 events):
No events

VM Operations (20 events):
Event: 39.723 Executing VM operation: Cleanup
Event: 39.724 Executing VM operation: Cleanup done
Event: 40.738 Executing VM operation: Cleanup
Event: 40.738 Executing VM operation: Cleanup done
Event: 41.743 Executing VM operation: Cleanup
Event: 41.743 Executing VM operation: Cleanup done
Event: 42.746 Executing VM operation: Cleanup
Event: 42.746 Executing VM operation: Cleanup done
Event: 43.750 Executing VM operation: Cleanup
Event: 43.750 Executing VM operation: Cleanup done
Event: 44.755 Executing VM operation: Cleanup
Event: 44.756 Executing VM operation: Cleanup done
Event: 45.765 Executing VM operation: Cleanup
Event: 45.765 Executing VM operation: Cleanup done
Event: 46.773 Executing VM operation: Cleanup
Event: 46.773 Executing VM operation: Cleanup done
Event: 47.778 Executing VM operation: Cleanup
Event: 47.778 Executing VM operation: Cleanup done
Event: 48.294 Executing VM operation: G1CollectForAllocation (G1 Evacuation Pause)
Event: 48.300 Executing VM operation: G1CollectForAllocation (G1 Evacuation Pause) done

Memory protections (0 events):
No events

Nmethod flushes (0 events):
No events

Events (20 events):
Event: 2.362 Thread 0x000001f373916580 Thread exited: 0x000001f373916580
Event: 6.285 Thread 0x000001f3730a6150 Thread exited: 0x000001f3730a6150
Event: 10.779 Thread 0x000001f32db23b90 Thread added: 0x000001f3745fa360
Event: 12.137 Thread 0x000001f3745fa360 Thread exited: 0x000001f3745fa360
Event: 12.779 Thread 0x000001f32db23b90 Thread added: 0x000001f374155bc0
Event: 13.173 Thread 0x000001f374155bc0 Thread exited: 0x000001f374155bc0
Event: 14.976 Thread 0x000001f3730a5ac0 Thread added: 0x000001f37444ac70
Event: 15.124 Thread 0x000001f3730a5ac0 Thread added: 0x000001f374445720
Event: 15.433 Thread 0x000001f3730a5ac0 Thread added: 0x000001f374444a00
Event: 15.481 Thread 0x000001f374444a00 Thread added: 0x000001f3744477f0
Event: 15.481 Thread 0x000001f374444a00 Thread added: 0x000001f374445090
Event: 15.492 Thread 0x000001f3730a5ac0 Thread added: 0x000001f374447e80
Event: 15.493 Thread 0x000001f3730a5ac0 Thread added: 0x000001f37444c020
Event: 15.495 Thread 0x000001f374447e80 Thread added: 0x000001f374448510
Event: 15.636 Thread 0x000001f374448510 Thread added: 0x000001f374448ba0
Event: 15.940 Thread 0x000001f3730a5ac0 Thread added: 0x000001f374446440
Event: 25.267 Thread 0x000001f3730a5ac0 Thread added: 0x000001f374446ad0
Event: 25.379 Thread 0x000001f3730a5ac0 Thread added: 0x000001f37444b300
Event: 25.667 Thread 0x000001f374448ba0 Thread exited: 0x000001f374448ba0
Event: 45.262 Thread 0x000001f37444ac70 Thread exited: 0x000001f37444ac70


Dynamic libraries:
0x00007ff64dee0000 - 0x00007ff64deee000 	C:\Users\umpeq\.jdks\corretto-22.0.2\bin\java.exe
0x00007ffc5f1f0000 - 0x00007ffc5f3e8000 	C:\WINDOWS\SYSTEM32\ntdll.dll
0x00007ffc5d860000 - 0x00007ffc5d91d000 	C:\WINDOWS\System32\KERNEL32.DLL
0x00007ffc5cb60000 - 0x00007ffc5ce56000 	C:\WINDOWS\System32\KERNELBASE.dll
0x00007ffc5ca60000 - 0x00007ffc5cb60000 	C:\WINDOWS\System32\ucrtbase.dll
0x00007ffc4b660000 - 0x00007ffc4b67b000 	C:\Users\umpeq\.jdks\corretto-22.0.2\bin\VCRUNTIME140.dll
0x00007ffc4b680000 - 0x00007ffc4b697000 	C:\Users\umpeq\.jdks\corretto-22.0.2\bin\jli.dll
0x00007ffc5e850000 - 0x00007ffc5e9ee000 	C:\WINDOWS\System32\USER32.dll
0x00007ffc5c9e0000 - 0x00007ffc5ca02000 	C:\WINDOWS\System32\win32u.dll
0x00007ffc48460000 - 0x00007ffc486fa000 	C:\WINDOWS\WinSxS\amd64_microsoft.windows.common-controls_6595b64144ccf1df_6.0.19041.3636_none_60b6a03d71f818d5\COMCTL32.dll
0x00007ffc5d780000 - 0x00007ffc5d7ac000 	C:\WINDOWS\System32\GDI32.dll
0x00007ffc5e480000 - 0x00007ffc5e51e000 	C:\WINDOWS\System32\msvcrt.dll
0x00007ffc5c8c0000 - 0x00007ffc5c9da000 	C:\WINDOWS\System32\gdi32full.dll
0x00007ffc5cfb0000 - 0x00007ffc5d04d000 	C:\WINDOWS\System32\msvcp_win.dll
0x00007ffc5da30000 - 0x00007ffc5da60000 	C:\WINDOWS\System32\IMM32.DLL
0x00007ffc4bb00000 - 0x00007ffc4bb0c000 	C:\Users\umpeq\.jdks\corretto-22.0.2\bin\vcruntime140_1.dll
0x00007ffc399f0000 - 0x00007ffc39a7d000 	C:\Users\umpeq\.jdks\corretto-22.0.2\bin\msvcp140.dll
0x00007ffc07400000 - 0x00007ffc081d1000 	C:\Users\umpeq\.jdks\corretto-22.0.2\bin\server\jvm.dll
0x00007ffc5df60000 - 0x00007ffc5e013000 	C:\WINDOWS\System32\ADVAPI32.dll
0x00007ffc5e520000 - 0x00007ffc5e5bf000 	C:\WINDOWS\System32\sechost.dll
0x00007ffc5e1d0000 - 0x00007ffc5e2f6000 	C:\WINDOWS\System32\RPCRT4.dll
0x00007ffc5cf80000 - 0x00007ffc5cfa7000 	C:\WINDOWS\System32\bcrypt.dll
0x00007ffc5e6e0000 - 0x00007ffc5e74b000 	C:\WINDOWS\System32\WS2_32.dll
0x00007ffc4c360000 - 0x00007ffc4c387000 	C:\WINDOWS\SYSTEM32\WINMM.dll
0x00007ffc5c2a0000 - 0x00007ffc5c2eb000 	C:\WINDOWS\SYSTEM32\POWRPROF.dll
0x00007ffc56310000 - 0x00007ffc5631a000 	C:\WINDOWS\SYSTEM32\VERSION.dll
0x00007ffc5bfe0000 - 0x00007ffc5bff2000 	C:\WINDOWS\SYSTEM32\UMPDC.dll
0x00007ffc5a770000 - 0x00007ffc5a782000 	C:\WINDOWS\SYSTEM32\kernel.appcore.dll
0x00007ffc4b500000 - 0x00007ffc4b50a000 	C:\Users\umpeq\.jdks\corretto-22.0.2\bin\jimage.dll
0x00007ffc56320000 - 0x00007ffc56504000 	C:\WINDOWS\SYSTEM32\DBGHELP.DLL
0x00007ffc54e30000 - 0x00007ffc54e64000 	C:\WINDOWS\SYSTEM32\dbgcore.DLL
0x00007ffc5d1b0000 - 0x00007ffc5d232000 	C:\WINDOWS\System32\bcryptPrimitives.dll
0x00007ffc55690000 - 0x00007ffc5569e000 	C:\Users\umpeq\.jdks\corretto-22.0.2\bin\instrument.dll
0x00007ffc4b480000 - 0x00007ffc4b49e000 	C:\Users\umpeq\.jdks\corretto-22.0.2\bin\java.dll
0x00007ffc5ea60000 - 0x00007ffc5f1a5000 	C:\WINDOWS\System32\SHELL32.dll
0x00007ffc5da60000 - 0x00007ffc5db8b000 	C:\WINDOWS\System32\ole32.dll
0x00007ffc5dc00000 - 0x00007ffc5df54000 	C:\WINDOWS\System32\combase.dll
0x00007ffc5a970000 - 0x00007ffc5b10b000 	C:\WINDOWS\SYSTEM32\windows.storage.dll
0x00007ffc5c2f0000 - 0x00007ffc5c31d000 	C:\WINDOWS\SYSTEM32\Wldp.dll
0x00007ffc5e360000 - 0x00007ffc5e40d000 	C:\WINDOWS\System32\SHCORE.dll
0x00007ffc5e300000 - 0x00007ffc5e355000 	C:\WINDOWS\System32\shlwapi.dll
0x00007ffc5c7f0000 - 0x00007ffc5c815000 	C:\WINDOWS\SYSTEM32\profapi.dll
0x00007ffc381c0000 - 0x00007ffc38297000 	C:\Users\umpeq\.jdks\corretto-22.0.2\bin\jsvml.dll
0x00007ffc4b3f0000 - 0x00007ffc4b407000 	C:\Users\umpeq\.jdks\corretto-22.0.2\bin\zip.dll
0x00007ffc4be40000 - 0x00007ffc4be50000 	C:\Users\umpeq\.jdks\corretto-22.0.2\bin\net.dll
0x00007ffc5c000000 - 0x00007ffc5c06a000 	C:\WINDOWS\system32\mswsock.dll
0x00007ffc4b460000 - 0x00007ffc4b476000 	C:\Users\umpeq\.jdks\corretto-22.0.2\bin\nio.dll
0x00007ffc4b210000 - 0x00007ffc4b22a000 	C:\Program Files\JetBrains\IntelliJ IDEA Community Edition 2024.1.2\bin\breakgen64.dll
0x00007ffc4b3e0000 - 0x00007ffc4b3e9000 	C:\Users\umpeq\.jdks\corretto-22.0.2\bin\extnet.dll
0x00007ffc2f210000 - 0x00007ffc2f39c000 	C:\Users\umpeq\.jdks\corretto-22.0.2\bin\awt.dll
0x00007ffc5d240000 - 0x00007ffc5d30d000 	C:\WINDOWS\System32\OLEAUT32.dll
0x00007ffc5a0c0000 - 0x00007ffc5a150000 	C:\WINDOWS\SYSTEM32\apphelp.dll
0x00007ffc5a220000 - 0x00007ffc5a2be000 	C:\WINDOWS\system32\uxtheme.dll
0x00007ffc5e5c0000 - 0x00007ffc5e6d4000 	C:\WINDOWS\System32\MSCTF.dll
0x00007ffc5a380000 - 0x00007ffc5a3af000 	C:\WINDOWS\system32\DWMAPI.DLL
0x00007ffc3cd20000 - 0x00007ffc3ce45000 	C:\WINDOWS\system32\opengl32.dll
0x00007ffc412d0000 - 0x00007ffc412fc000 	C:\WINDOWS\SYSTEM32\GLU32.dll
0x00007ffc41f70000 - 0x00007ffc41ff7000 	C:\Users\umpeq\.jdks\corretto-22.0.2\bin\freetype.dll
0x00007ffc39cd0000 - 0x00007ffc39da7000 	C:\Users\umpeq\.jdks\corretto-22.0.2\bin\fontmanager.dll
0x00007ffc527f0000 - 0x00007ffc528e9000 	C:\WINDOWS\SYSTEM32\textinputframework.dll
0x00007ffc59e80000 - 0x00007ffc59f72000 	C:\WINDOWS\System32\CoreMessaging.dll
0x00007ffc597a0000 - 0x00007ffc59afb000 	C:\WINDOWS\System32\CoreUIComponents.dll
0x00007ffc5ba50000 - 0x00007ffc5ba83000 	C:\WINDOWS\SYSTEM32\ntmarta.dll
0x00007ffc587c0000 - 0x00007ffc58915000 	C:\WINDOWS\SYSTEM32\wintypes.dll
0x00007ffc5c1f0000 - 0x00007ffc5c208000 	C:\WINDOWS\SYSTEM32\CRYPTSP.dll
0x00007ffc5b910000 - 0x00007ffc5b944000 	C:\WINDOWS\system32\rsaenh.dll
0x00007ffc5c770000 - 0x00007ffc5c79e000 	C:\WINDOWS\SYSTEM32\USERENV.dll
0x00007ffc5c210000 - 0x00007ffc5c21c000 	C:\WINDOWS\SYSTEM32\CRYPTBASE.dll
0x00007ffc5bcd0000 - 0x00007ffc5bd0b000 	C:\WINDOWS\SYSTEM32\IPHLPAPI.DLL
0x00007ffc5ea50000 - 0x00007ffc5ea58000 	C:\WINDOWS\System32\NSI.dll
0x00007ffc4b320000 - 0x00007ffc4b330000 	C:\Users\umpeq\.jdks\corretto-22.0.2\bin\verify.dll
0x00007ffc5bd10000 - 0x00007ffc5bdda000 	C:\WINDOWS\SYSTEM32\DNSAPI.dll
0x00007ffc52470000 - 0x00007ffc5247a000 	C:\Windows\System32\rasadhlp.dll
0x00007ffc54ec0000 - 0x00007ffc54f40000 	C:\WINDOWS\System32\fwpuclnt.dll
0x00007ffc4b310000 - 0x00007ffc4b31e000 	C:\Users\umpeq\.jdks\corretto-22.0.2\bin\sunmscapi.dll
0x00007ffc5d050000 - 0x00007ffc5d1ad000 	C:\WINDOWS\System32\CRYPT32.dll
0x00007ffc5c360000 - 0x00007ffc5c388000 	C:\WINDOWS\SYSTEM32\ncrypt.dll
0x00007ffc5c320000 - 0x00007ffc5c35b000 	C:\WINDOWS\SYSTEM32\NTASN1.dll
0x00007ffc55680000 - 0x00007ffc55689000 	C:\Users\umpeq\.jdks\corretto-22.0.2\bin\management.dll
0x00007ffc4b2d0000 - 0x00007ffc4b2db000 	C:\Users\umpeq\.jdks\corretto-22.0.2\bin\management_ext.dll
0x00007ffc5e470000 - 0x00007ffc5e478000 	C:\WINDOWS\System32\PSAPI.DLL
0x00007ffc52560000 - 0x00007ffc52567000 	C:\WINDOWS\system32\wshunix.dll

dbghelp: loaded successfully - version: 4.0.5 - missing functions: none
symbol engine: initialized successfully - sym options: 0x614 - pdb path: .;C:\Users\umpeq\.jdks\corretto-22.0.2\bin;C:\WINDOWS\SYSTEM32;C:\WINDOWS\WinSxS\amd64_microsoft.windows.common-controls_6595b64144ccf1df_6.0.19041.3636_none_60b6a03d71f818d5;C:\Users\umpeq\.jdks\corretto-22.0.2\bin\server;C:\Program Files\JetBrains\IntelliJ IDEA Community Edition 2024.1.2\bin

VM Arguments:
jvm_args: -javaagent:C:\Program Files\JetBrains\IntelliJ IDEA Community Edition 2024.1.2\lib\idea_rt.jar=50177:C:\Program Files\JetBrains\IntelliJ IDEA Community Edition 2024.1.2\bin -Dfile.encoding=UTF-8 -Dsun.stdout.encoding=UTF-8 -Dsun.stderr.encoding=UTF-8 
java_command: Pages.ChamadaDePaginas
java_class_path (initial): C:\Projetos\AutomacaoSIGAA\target\classes;C:\Users\umpeq\.m2\repository\junit\junit\4.13.2\junit-4.13.2.jar;C:\Users\umpeq\.m2\repository\org\hamcrest\hamcrest-core\1.3\hamcrest-core-1.3.jar;C:\Users\umpeq\.m2\repository\org\seleniumhq\selenium\selenium-java\4.12.0\selenium-java-4.12.0.jar;C:\Users\umpeq\.m2\repository\org\seleniumhq\selenium\selenium-api\4.12.0\selenium-api-4.12.0.jar;C:\Users\umpeq\.m2\repository\org\seleniumhq\selenium\selenium-chrome-driver\4.12.0\selenium-chrome-driver-4.12.0.jar;C:\Users\umpeq\.m2\repository\com\google\auto\service\auto-service-annotations\1.1.1\auto-service-annotations-1.1.1.jar;C:\Users\umpeq\.m2\repository\com\google\guava\guava\32.1.2-jre\guava-32.1.2-jre.jar;C:\Users\umpeq\.m2\repository\com\google\guava\failureaccess\1.0.1\failureaccess-1.0.1.jar;C:\Users\umpeq\.m2\repository\com\google\guava\listenablefuture\9999.0-empty-to-avoid-conflict-with-guava\listenablefuture-9999.0-empty-to-avoid-conflict-with-guava.jar;C:\Users\umpeq\.m2\repository\com\google\code\findbugs\jsr305\3.0.2\jsr305-3.0.2.jar;C:\Users\umpeq\.m2\repository\org\checkerframework\checker-qual\3.33.0\checker-qual-3.33.0.jar;C:\Users\umpeq\.m2\repository\com\google\errorprone\error_prone_annotations\2.18.0\error_prone_annotations-2.18.0.jar;C:\Users\umpeq\.m2\repository\com\google\j2objc\j2objc-annotations\2.8\j2objc-annotations-2.8.jar;C:\Users\umpeq\.m2\repository\org\seleniumhq\selenium\selenium-chromium-driver\4.12.0\selenium-chromium-driver-4.12.0.jar;C:\Users\umpeq\.m2\repository\org\seleniumhq\selenium\selenium-json\4.12.0\selenium-json-4.12.0.jar;C:\Users\umpeq\.m2\repository\org\seleniumhq\selenium\selenium-manager\4.12.0\selenium-manager-4.12.0.jar;C:\Users\umpeq\.m2\repository\org\seleniumhq\selenium\selenium-devtools-v114\4.12.0\selenium-devtools-v114-4.12.0.jar;C:\Users\umpeq\.m2\repository\org\seleniumhq\selenium\selenium-devtools-v115\4.12.0\selenium-devtools-v115-4.12.0.jar;C:\Users\umpeq\.m2\repository\org\seleniumhq\selenium\selenium-devtools-v116\4.12.0\selenium-devtools-v116-4.12.0.jar;C:\Users\umpeq\.m2\repository\org\seleniumhq\selenium\selenium-devtools-v85\4.12.0\selenium-devtools-v85-4.12.0.jar;C:\Users\umpeq\.m2\repository\org\seleniumhq\selenium\selenium-edge-driver\4.12.0\selenium-edge-driver-4.12.0.jar;C:\Users\umpeq\.m2\repository\org\seleniumhq\selenium\selenium-firefox-driver\4.12.0\selenium-firefox-driver-4.12.0.jar;C:\Users\umpeq\.m2\repository\org\seleniumhq\selenium\selenium-http\4.12.0\selenium-http-4.12.0.jar;C:\Users\umpeq\.m2\repository\dev\failsafe\failsafe\3.3.2\failsafe-3.3.2.jar;C:\Users\umpeq\.m2\repository\org\seleniumhq\selenium\selenium-ie-driver\4.12.0\selenium-ie-driver-4.12.0.jar;C:\Users\umpeq\.m2\repository\org\seleniumhq\selenium\selenium-remote-driver\4.12.0\selenium-remote-driver-4.12.0.jar;C:\Users\umpeq\.m2\repository\io\netty\netty-buffer\4.1.96.Final\netty-buffer-4.1.96.Final.jar;C:\Users\umpeq\.m2\repository\io\netty\netty-codec-http\4.1.96.Final\netty-codec-http-4.1.96.Final.jar;C:\Users\umpeq\.m2\repository\io\netty\netty-codec\4.1.96.Final\netty-codec-4.1.96.Final.jar;C:\Users\umpeq\.m2\repository\io\netty\netty-handler\4.1.96.Final\netty-handler-4.1.96.Final.jar;C:\Users\umpeq\.m2\repository\io\netty\netty-common\4.1.96.Final\netty-common-4.1.96.Final.jar;C:\Users\umpeq\.m2\repository\io\netty\netty-transport-classes-epoll\4.1.96.Final\netty-transport-classes-epoll-4.1.96.Final.jar;C:\Users\umpeq\.m2\repository\io\netty\netty-transport-classes-kqueue\4.1.96.Final\netty-transport-classes-kqueue-4.1.96.Final.jar;C:\Users\umpeq\.m2\repository\io\netty\netty-transport-native-epoll\4.1.96.Final\netty-transport-native-epoll-4.1.96.Final.jar;C:\Users\umpeq\.m2\repository\io\netty\netty-transport-native-kqueue\4.1.96.Final\netty-transport-native-kqueue-4.1.96.Final.jar;C:\Users\umpeq\.m2\repository\io\netty\netty-transport-native-unix-common\4.1.96.Final\netty-transport-native-unix-common-4.1.96.Final.jar;C:\Users\umpeq\.m2\repository\io\netty\netty-transport\4.1.96.Final\netty-transport-4.1.96.Final.jar;C:\Users\umpeq\.m2\repository\io\netty\netty-resolver\4.1.96.Final\netty-resolver-4.1.96.Final.jar;C:\Users\umpeq\.m2\repository\io\opentelemetry\opentelemetry-api\1.28.0\opentelemetry-api-1.28.0.jar;C:\Users\umpeq\.m2\repository\io\opentelemetry\opentelemetry-context\1.28.0\opentelemetry-context-1.28.0.jar;C:\Users\umpeq\.m2\repository\io\opentelemetry\opentelemetry-exporter-logging\1.28.0\opentelemetry-exporter-logging-1.28.0.jar;C:\Users\umpeq\.m2\repository\io\opentelemetry\opentelemetry-sdk-metrics\1.28.0\opentelemetry-sdk-metrics-1.28.0.jar;C:\Users\umpeq\.m2\repository\io\opentelemetry\opentelemetry-extension-incubator\1.28.0-alpha\opentelemetry-extension-incubator-1.28.0-alpha.jar;C:\Users\umpeq\.m2\repository\io\opentelemetry\opentelemetry-sdk-logs\1.28.0\opentelemetry-sdk-logs-1.28.0.jar;C:\Users\umpeq\.m2\repository\io\opentelemetry\opentelemetry-sdk-common\1.28.0\opentelemetry-sdk-common-1.28.0.jar;C:\Users\umpeq\.m2\repository\io\opentelemetry\opentelemetry-sdk-extension-autoconfigure-spi\1.28.0\opentelemetry-sdk-extension-autoconfigure-spi-1.28.0.jar;C:\Users\umpeq\.m2\repository\io\opentelemetry\opentelemetry-sdk-extension-autoconfigure\1.28.0\opentelemetry-sdk-extension-autoconfigure-1.28.0.jar;C:\Users\umpeq\.m2\repository\io\opentelemetry\opentelemetry-api-events\1.28.0-alpha\opentelemetry-api-events-1.28.0-alpha.jar;C:\Users\umpeq\.m2\repository\io\opentelemetry\opentelemetry-sdk-trace\1.28.0\opentelemetry-sdk-trace-1.28.0.jar;C:\Users\umpeq\.m2\repository\io\opentelemetry\opentelemetry-sdk\1.28.0\opentelemetry-sdk-1.28.0.jar;C:\Users\umpeq\.m2\repository\io\opentelemetry\opentelemetry-semconv\1.28.0-alpha\opentelemetry-semconv-1.28.0-alpha.jar;C:\Users\umpeq\.m2\repository\net\bytebuddy\byte-buddy\1.14.5\byte-buddy-1.14.5.jar;C:\Users\umpeq\.m2\repository\org\asynchttpclient\async-http-client\2.12.3\async-http-client-2.12.3.jar;C:\Users\umpeq\.m2\repository\org\asynchttpclient\async-http-client-netty-utils\2.12.3\async-http-client-netty-utils-2.12.3.jar;C:\Users\umpeq\.m2\repository\io\netty\netty-codec-socks\4.1.60.Final\netty-codec-socks-4.1.60.Final.jar;C:\Users\umpeq\.m2\repository\io\netty\netty-handler-proxy\4.1.60.Final\netty-handler-proxy-4.1.60.Final.jar;C:\Users\umpeq\.m2\repository\io\netty\netty-transport-native-epoll\4.1.60.Final\netty-transport-native-epoll-4.1.60.Final-linux-x86_64.jar;C:\Users\umpeq\.m2\repository\io\netty\netty-transport-native-kqueue\4.1.60.Final\netty-transport-native-kqueue-4.1.60.Final-osx-x86_64.jar;C:\Users\umpeq\.m2\repository\org\reactivestreams\reactive-streams\1.0.3\reactive-streams-1.0.3.jar;C:\Users\umpeq\.m2\repository\com\typesafe\netty\netty-reactive-streams\2.0.4\netty-reactive-streams-2.0.4.jar;C:\Users\umpeq\.m2\repository\com\sun\activation\jakarta.activation\1.2.2\jakarta.activation-1.2.2.jar;C:\Users\umpeq\.m2\repository\org\seleniumhq\selenium\selenium-os\4.12.0\selenium-os-4.12.0.jar;C:\Users\umpeq\.m2\repository\org\apache\commons\commons-exec\1.3\commons-exec-1.3.jar;C:\Users\umpeq\.m2\repository\org\seleniumhq\selenium\selenium-safari-driver\4.12.0\selenium-safari-driver-4.12.0.jar;C:\Users\umpeq\.m2\repository\org\seleniumhq\selenium\selenium-support\4.12.0\selenium-support-4.12.0.jar;C:\Users\umpeq\.m2\repository\io\github\bonigarcia\webdrivermanager\5.6.2\webdrivermanager-5.6.2.jar;C:\Users\umpeq\.m2\repository\org\slf4j\slf4j-api\2.0.9\slf4j-api-2.0.9.jar;C:\Users\umpeq\.m2\repository\com\google\code\gson\gson\2.10.1\gson-2.10.1.jar;C:\Users\umpeq\.m2\repository\com\github\docker-java\docker-java\3.3.4\docker-java-3.3.4.jar;C:\Users\umpeq\.m2\repository\com\github\docker-java\docker-java-core\3.3.4\docker-java-core-3.3.4.jar;C:\Users\umpeq\.m2\repository\com\github\docker-java\docker-java-api\3.3.4\docker-java-api-3.3.4.jar;C:\Users\umpeq\.m2\repository\com\fasterxml\jackson\core\jackson-annotations\2.10.3\jackson-annotations-2.10.3.jar;C:\Users\umpeq\.m2\repository\commons-io\commons-io\2.13.0\commons-io-2.13.0.jar;C:\Users\umpeq\.m2\repository\com\fasterxml\jackson\core\jackson-databind\2.10.3\jackson-databind-2.10.3.jar;C:\Users\umpeq\.m2\repository\com\fasterxml\jackson\core\jackson-core\2.10.3\jackson-core-2.10.3.jar;C:\Users\umpeq\.m2\repository\org\bouncycastle\bcpkix-jdk18on\1.76\bcpkix-jdk18on-1.76.jar;C:\Users\umpeq\.m2\repository\org\bouncycastle\bcprov-jdk18on\1.76\bcprov-jdk18on-1.76.jar;C:\Users\umpeq\.m2\repository\org\bouncycastle\bcutil-jdk18on\1.76\bcutil-jdk18on-1.76.jar;C:\Users\umpeq\.m2\repository\org\slf4j\jcl-over-slf4j\1.7.30\jcl-over-slf4j-1.7.30.jar;C:\Users\umpeq\.m2\repository\com\github\docker-java\docker-java-transport-httpclient5\3.3.4\docker-java-transport-httpclient5-3.3.4.jar;C:\Users\umpeq\.m2\repository\com\github\docker-java\docker-java-transport\3.3.4\docker-java-transport-3.3.4.jar;C:\Users\umpeq\.m2\repository\net\java\dev\jna\jna\5.13.0\jna-5.13.0.jar;C:\Users\umpeq\.m2\repository\org\brotli\dec\0.1.2\dec-0.1.2.jar;C:\Users\umpeq\.m2\repository\org\apache\commons\commons-lang3\3.13.0\commons-lang3-3.13.0.jar;C:\Users\umpeq\.m2\repository\org\apache\commons\commons-compress\1.24.0\commons-compress-1.24.0.jar;C:\Users\umpeq\.m2\repository\org\apache\httpcomponents\client5\httpclient5\5.2.1\httpclient5-5.2.1.jar;C:\Users\umpeq\.m2\repository\org\apache\httpcomponents\core5\httpcore5\5.2\httpcore5-5.2.jar;C:\Users\umpeq\.m2\repository\org\apache\httpcomponents\core5\httpcore5-h2\5.2\httpcore5-h2-5.2.jar
Launcher Type: SUN_STANDARD

[Global flags]
     intx CICompilerCount                          = 3                                         {product} {ergonomic}
     uint ConcGCThreads                            = 1                                         {product} {ergonomic}
     uint G1ConcRefinementThreads                  = 4                                         {product} {ergonomic}
   size_t G1HeapRegionSize                         = 1048576                                   {product} {ergonomic}
   size_t InitialHeapSize                          = 132120576                                 {product} {ergonomic}
   size_t MarkStackSize                            = 4194304                                   {product} {ergonomic}
   size_t MaxHeapSize                              = 2113929216                                {product} {ergonomic}
   size_t MaxNewSize                               = 1267728384                                {product} {ergonomic}
   size_t MinHeapDeltaBytes                        = 1048576                                   {product} {ergonomic}
   size_t MinHeapSize                              = 8388608                                   {product} {ergonomic}
    uintx NonNMethodCodeHeapSize                   = 5832780                                {pd product} {ergonomic}
    uintx NonProfiledCodeHeapSize                  = 122912730                              {pd product} {ergonomic}
    uintx ProfiledCodeHeapSize                     = 122912730                              {pd product} {ergonomic}
    uintx ReservedCodeCacheSize                    = 251658240                              {pd product} {ergonomic}
     bool SegmentedCodeCache                       = true                                      {product} {ergonomic}
   size_t SoftMaxHeapSize                          = 2113929216                             {manageable} {ergonomic}
     bool UseCompressedOops                        = true                           {product lp64_product} {ergonomic}
     bool UseG1GC                                  = true                                      {product} {ergonomic}
     bool UseLargePagesIndividualAllocation        = false                                  {pd product} {ergonomic}

Logging:
Log output configuration:
 #0: stdout all=warning uptime,level,tags foldmultilines=false
 #1: stderr all=off uptime,level,tags foldmultilines=false

Environment Variables:
PATH=C:\Program Files\Eclipse Adoptium\jdk-21.0.6.7-hotspot\bin;C:\Program Files\Microsoft MPI\Bin\;C:\Program Files\Common Files\Oracle\Java\javapath;C:\Program Files (x86)\Common Files\Oracle\Java\javapath;C:\WINDOWS\system32;C:\WINDOWS;C:\WINDOWS\System32\Wbem;C:\WINDOWS\System32\WindowsPowerShell\v1.0\;C:\WINDOWS\System32\OpenSSH\;C:\Program Files\Intel\WiFi\bin\;C:\Program Files\Common Files\Intel\WirelessCommon\;C:\Program Files\Git\cmd;C:\Program Files\MySQL\MySQL Shell 8.0\bin\;C:\Users\umpeq\AppData\Local\Programs\Python\Python313\Scripts\;C:\Users\umpeq\AppData\Local\Programs\Python\Python313\;C:\Users\umpeq\AppData\Local\Programs\Python\Launcher\;C:\Users\umpeq\AppData\Local\Programs\Python\Python311\;C:\Users\umpeq\AppData\Local\Microsoft\WindowsApps;C:\Users\umpeq\AppData\Local\Programs\Microsoft VS Code\bin;C:\Program Files\Intel\WiFi\bin\;C:\Program Files\Common Files\Intel\WirelessCommon\;C:\Projetos\Apache\apache-maven-3.9.9\apache-maven\src\bin;C:\My Apps\Espelhar_mobile\platform-tools;
USERNAME=umpeq
OS=Windows_NT
PROCESSOR_IDENTIFIER=Intel64 Family 6 Model 78 Stepping 3, GenuineIntel
TMP=C:\Users\umpeq\AppData\Local\Temp
TEMP=C:\Users\umpeq\AppData\Local\Temp




Periodic native trim disabled

---------------  S Y S T E M  ---------------

OS:
 Windows 10 , 64 bit Build 19041 (10.0.19041.3636)
OS uptime: 55 days 23:56 hours

CPU: total 4 (initial active 4) (2 cores per cpu, 2 threads per core) family 6 model 78 stepping 3 microcode 0xcc, cx8, cmov, fxsr, ht, mmx, 3dnowpref, sse, sse2, sse3, ssse3, sse4.1, sse4.2, popcnt, lzcnt, tsc, tscinvbit, avx, avx2, aes, erms, clmul, bmi1, bmi2, adx, fma, vzeroupper, clflush, clflushopt, rdtscp, f16c
Processor Information for all 4 processors :
  Max Mhz: 2000, Current Mhz: 2000, Mhz Limit: 2000

Memory: 4k page, system-wide physical 8060M (532M free)
TotalPageFile size 12060M (AvailPageFile size 126M)
current process WorkingSet (physical memory assigned to process): 202M, peak: 202M
current process commit charge ("private bytes"): 230M, peak: 250M

vm_info: OpenJDK 64-Bit Server VM (22.0.2+9-FR) for windows-amd64 JRE (22.0.2+9-FR), built on 2024-07-09T01:10:09Z by "Administrator" with MS VC++ 16.10 / 16.11 (VS2019)

END.
